<?xml version="1.0" encoding="UTF-8"?>
<!-- Generated by org.testng.reporters.JUnitXMLReporter -->
<testsuite ignored="0" hostname="GS-2657" failures="0" tests="3" name="Default test" time="2.75" errors="0" timestamp="2019-12-27T11:55:42 IST">
  <testcase classname="com.restasssured.RestAssured.XmlValidation" name="testsingleresponseinxml" time="1.75"/>
  <testcase classname="com.restasssured.RestAssured.XmlValidation" name="testmultiplecontentinxml" time="0.47"/>
  <testcase classname="com.restasssured.RestAssured.XmlValidation" name="testallcontentinxml" time="0.498"/>
</testsuite> <!-- Default test -->
