<?xml version="1.0" encoding="UTF-8"?>
<testng-results ignored="0" total="3" passed="3" failed="0" skipped="0">
  <reporter-output>
  </reporter-output>
  <suite started-at="2019-12-27T11:55:40 IST" name="Default suite" finished-at="2019-12-27T11:55:42 IST" duration-ms="2750">
    <groups>
    </groups>
    <test started-at="2019-12-27T11:55:40 IST" name="Default test" finished-at="2019-12-27T11:55:42 IST" duration-ms="2750">
      <class name="com.restasssured.RestAssured.XmlValidation">
        <test-method signature="testsingleresponseinxml()[pri:0, instance:com.restasssured.RestAssured.XmlValidation@13acb0d1]" started-at="2019-12-27T11:55:40 IST" name="testsingleresponseinxml" finished-at="2019-12-27T11:55:41 IST" duration-ms="1750" status="PASS">
          <reporter-output>
          </reporter-output>
        </test-method> <!-- testsingleresponseinxml -->
        <test-method signature="testmultiplecontentinxml()[pri:1, instance:com.restasssured.RestAssured.XmlValidation@13acb0d1]" started-at="2019-12-27T11:55:41 IST" name="testmultiplecontentinxml" finished-at="2019-12-27T11:55:42 IST" duration-ms="470" status="PASS">
          <reporter-output>
          </reporter-output>
        </test-method> <!-- testmultiplecontentinxml -->
        <test-method signature="testallcontentinxml()[pri:2, instance:com.restasssured.RestAssured.XmlValidation@13acb0d1]" started-at="2019-12-27T11:55:42 IST" name="testallcontentinxml" finished-at="2019-12-27T11:55:42 IST" duration-ms="498" status="PASS">
          <reporter-output>
          </reporter-output>
        </test-method> <!-- testallcontentinxml -->
      </class> <!-- com.restasssured.RestAssured.XmlValidation -->
    </test> <!-- Default test -->
  </suite> <!-- Default suite -->
</testng-results>
